<?xml version="1.0" encoding="UTF-8"?>
<testsuite xmlns:xsi="http://www.w3.org/2001/XMLSchema-instance" xsi:schemaLocation="https://maven.apache.org/surefire/maven-surefire-plugin/xsd/surefire-test-report.xsd" name="TestSuite" time="62.461" tests="8" errors="0" skipped="0" failures="0">
  <properties>
[...]
</properties>
  <testcase name="doLogin" classname="com.retail.testcases.LoginTest" time="23.584"/>
  <testcase name="doLogin" classname="com.retail.testcases.LoginTest" time="0.137"/>
  <testcase name="addCategory" classname="com.retail.testcases.AddCategory" time="3.239"/>
  <testcase name="addCategory" classname="com.retail.testcases.AddCategory" time="0.267"/>
  <testcase name="addCategory" classname="com.retail.testcases.AddCategory" time="0.185"/>
  <testcase name="addProduct" classname="com.retail.testcases.AddProduct" time="0.519"/>
  <testcase name="addProduct" classname="com.retail.testcases.AddProduct" time="0.408"/>
  <testcase name="addProduct" classname="com.retail.testcases.AddProduct" time="0.501"/>
</testsuite>