<?xml version="1.0" encoding="UTF-8"?>
<!-- Generated by org.testng.reporters.JUnitXMLReporter -->
<testsuite hostname="DESKTOP-TKK5GPG" name="AddCategory" tests="3" failures="0" timestamp="6 Nov 2021 13:01:43 GMT" time="0.443" errors="0">
  <testcase name="addCategory" time="0.173" classname="com.retail.testcases.AddCategory"/>
  <testcase name="addCategory" time="0.117" classname="com.retail.testcases.AddCategory"/>
  <testcase name="addCategory" time="0.069" classname="com.retail.testcases.AddCategory"/>
</testsuite> <!-- AddCategory -->
