<?xml version="1.0" encoding="UTF-8"?>
<!-- Generated by org.testng.reporters.JUnitXMLReporter -->
<testsuite hostname="DESKTOP-TKK5GPG" name="AddCategory" tests="3" failures="0" timestamp="23 Mar 2022 13:16:28 GMT" time="1.407" errors="0">
  <testcase name="addCategory" time="0.452" classname="com.retail.testcases.AddCategory"/>
  <testcase name="addCategory" time="0.281" classname="com.retail.testcases.AddCategory"/>
  <testcase name="addCategory" time="0.627" classname="com.retail.testcases.AddCategory"/>
</testsuite> <!-- AddCategory -->
