<?xml version="1.0" encoding="UTF-8"?>
<!-- Generated by org.testng.reporters.JUnitXMLReporter -->
<testsuite hostname="DESKTOP-TKK5GPG" name="AddCategoryTest" tests="3" failures="3" timestamp="4 Nov 2021 02:31:42 GMT" time="0.194" errors="0">
  <testcase name="addCategory" time="0.024" classname="com.retail.testcases.AddCategory">
    <failure type="java.lang.IllegalArgumentException" message="firstValue cannot be null">
      <![CDATA[java.lang.IllegalArgumentException: firstValue cannot be null
	at org.codehaus.groovy.runtime.callsite.ConstructorSite$ConstructorSiteNoUnwrap.callConstructor(ConstructorSite.java:84)
	at org.codehaus.groovy.runtime.callsite.CallSiteArray.defaultCallConstructor(CallSiteArray.java:60)
	at org.codehaus.groovy.runtime.callsite.AbstractCallSite.callConstructor(AbstractCallSite.java:235)
	at org.codehaus.groovy.runtime.callsite.AbstractCallSite.callConstructor(AbstractCallSite.java:247)
	at io.restassured.internal.assertion.AssertParameter.notNull(AssertParameter.groovy:26)
	at io.restassured.internal.assertion.AssertParameter$notNull.callStatic(Unknown Source)
	at org.codehaus.groovy.runtime.callsite.CallSiteArray.defaultCallStatic(CallSiteArray.java:56)
	at org.codehaus.groovy.runtime.callsite.AbstractCallSite.callStatic(AbstractCallSite.java:194)
	at org.codehaus.groovy.runtime.callsite.AbstractCallSite.callStatic(AbstractCallSite.java:214)
	at io.restassured.internal.MapCreator.createArgumentArrayFromKeyAndValue(MapCreator.groovy:79)
	at org.codehaus.groovy.runtime.callsite.StaticMetaMethodSite$StaticMetaMethodSiteNoUnwrapNoCoerce.invoke(StaticMetaMethodSite.java:151)
	at org.codehaus.groovy.runtime.callsite.StaticMetaMethodSite.callStatic(StaticMetaMethodSite.java:102)
	at org.codehaus.groovy.runtime.callsite.CallSiteArray.defaultCallStatic(CallSiteArray.java:56)
	at org.codehaus.groovy.runtime.callsite.AbstractCallSite.callStatic(AbstractCallSite.java:194)
	at org.codehaus.groovy.runtime.callsite.AbstractCallSite.callStatic(AbstractCallSite.java:222)
	at io.restassured.internal.MapCreator.createMapFromParams(MapCreator.groovy:30)
	at io.restassured.internal.MapCreator$createMapFromParams.call(Unknown Source)
	at org.codehaus.groovy.runtime.callsite.CallSiteArray.defaultCall(CallSiteArray.java:48)
	at org.codehaus.groovy.runtime.callsite.AbstractCallSite.call(AbstractCallSite.java:113)
	at org.codehaus.groovy.runtime.callsite.AbstractCallSite.call(AbstractCallSite.java:149)
	at io.restassured.internal.RequestSpecificationImpl.headers(RequestSpecificationImpl.groovy:952)
	at com.retail.testcases.AddCategory.addCategory(AddCategory.java:38)
... Removed 36 stack frames]]>
    </failure>
  </testcase> <!-- addCategory -->
  <testcase name="addCategory" time="0.006" classname="com.retail.testcases.AddCategory">
    <failure type="java.lang.IllegalArgumentException" message="firstValue cannot be null">
      <![CDATA[java.lang.IllegalArgumentException: firstValue cannot be null
	at org.codehaus.groovy.runtime.callsite.ConstructorSite$ConstructorSiteNoUnwrap.callConstructor(ConstructorSite.java:84)
	at org.codehaus.groovy.runtime.callsite.AbstractCallSite.callConstructor(AbstractCallSite.java:247)
	at io.restassured.internal.assertion.AssertParameter.notNull(AssertParameter.groovy:26)
	at io.restassured.internal.assertion.AssertParameter$notNull.callStatic(Unknown Source)
	at io.restassured.internal.MapCreator.createArgumentArrayFromKeyAndValue(MapCreator.groovy:79)
	at org.codehaus.groovy.runtime.callsite.StaticMetaMethodSite$StaticMetaMethodSiteNoUnwrapNoCoerce.invoke(StaticMetaMethodSite.java:151)
	at org.codehaus.groovy.runtime.callsite.StaticMetaMethodSite.callStatic(StaticMetaMethodSite.java:102)
	at org.codehaus.groovy.runtime.callsite.AbstractCallSite.callStatic(AbstractCallSite.java:222)
	at io.restassured.internal.MapCreator.createMapFromParams(MapCreator.groovy:30)
	at io.restassured.internal.MapCreator$createMapFromParams.call(Unknown Source)
	at io.restassured.internal.RequestSpecificationImpl.headers(RequestSpecificationImpl.groovy:952)
	at com.retail.testcases.AddCategory.addCategory(AddCategory.java:38)
... Removed 36 stack frames]]>
    </failure>
  </testcase> <!-- addCategory -->
  <testcase name="addCategory" time="0.004" classname="com.retail.testcases.AddCategory">
    <failure type="java.lang.IllegalArgumentException" message="firstValue cannot be null">
      <![CDATA[java.lang.IllegalArgumentException: firstValue cannot be null
	at org.codehaus.groovy.runtime.callsite.ConstructorSite$ConstructorSiteNoUnwrap.callConstructor(ConstructorSite.java:84)
	at org.codehaus.groovy.runtime.callsite.AbstractCallSite.callConstructor(AbstractCallSite.java:247)
	at io.restassured.internal.assertion.AssertParameter.notNull(AssertParameter.groovy:26)
	at io.restassured.internal.assertion.AssertParameter$notNull.callStatic(Unknown Source)
	at io.restassured.internal.MapCreator.createArgumentArrayFromKeyAndValue(MapCreator.groovy:79)
	at org.codehaus.groovy.runtime.callsite.StaticMetaMethodSite$StaticMetaMethodSiteNoUnwrapNoCoerce.invoke(StaticMetaMethodSite.java:151)
	at org.codehaus.groovy.runtime.callsite.StaticMetaMethodSite.callStatic(StaticMetaMethodSite.java:102)
	at org.codehaus.groovy.runtime.callsite.AbstractCallSite.callStatic(AbstractCallSite.java:222)
	at io.restassured.internal.MapCreator.createMapFromParams(MapCreator.groovy:30)
	at io.restassured.internal.MapCreator$createMapFromParams.call(Unknown Source)
	at io.restassured.internal.RequestSpecificationImpl.headers(RequestSpecificationImpl.groovy:952)
	at com.retail.testcases.AddCategory.addCategory(AddCategory.java:38)
... Removed 36 stack frames]]>
    </failure>
  </testcase> <!-- addCategory -->
</testsuite> <!-- AddCategoryTest -->
