<?xml version="1.0" encoding="UTF-8"?>
<!-- Generated by org.testng.reporters.JUnitXMLReporter -->
<testsuite hostname="DESKTOP-TKK5GPG" name="AddProduct" tests="3" failures="0" timestamp="6 Nov 2021 13:01:44 GMT" time="0.376" errors="0">
  <testcase name="addProduct" time="0.104" classname="com.retail.testcases.AddProduct"/>
  <testcase name="addProduct" time="0.087" classname="com.retail.testcases.AddProduct"/>
  <testcase name="addProduct" time="0.115" classname="com.retail.testcases.AddProduct"/>
</testsuite> <!-- AddProduct -->
