<?xml version="1.0" encoding="UTF-8"?>
<!-- Generated by org.testng.reporters.JUnitXMLReporter -->
<testsuite hostname="DESKTOP-TKK5GPG" name="AddProduct" tests="3" failures="0" timestamp="23 Mar 2022 13:16:30 GMT" time="1.898" errors="0">
  <testcase name="addProduct" time="0.254" classname="com.retail.testcases.AddProduct"/>
  <testcase name="addProduct" time="0.64" classname="com.retail.testcases.AddProduct"/>
  <testcase name="addProduct" time="0.909" classname="com.retail.testcases.AddProduct"/>
</testsuite> <!-- AddProduct -->
