<?xml version="1.0" encoding="UTF-8"?>
<!-- Generated by org.testng.reporters.JUnitXMLReporter -->
<testsuite hostname="DESKTOP-TKK5GPG" name="AddProduct1" tests="3" failures="0" timestamp="30 Nov 2021 14:38:29 GMT" time="0.346" errors="0">
  <testcase name="addProduct" time="0.13" classname="com.retail.testcases.AddProduct1"/>
  <testcase name="addProduct" time="0.063" classname="com.retail.testcases.AddProduct1"/>
  <testcase name="addProduct" time="0.074" classname="com.retail.testcases.AddProduct1"/>
</testsuite> <!-- AddProduct1 -->
