<?xml version="1.0" encoding="UTF-8"?>
<!-- Generated by org.testng.reporters.JUnitXMLReporter -->
<testsuite hostname="DESKTOP-TKK5GPG" ignored="0" name="AddCategory" tests="3" failures="0" timestamp="2021-11-06T20:47:52 EDT" time="3.719" errors="0">
  <testcase name="addCategory" time="3.241" classname="com.retail.testcases.AddCategory"/>
  <testcase name="addCategory" time="0.222" classname="com.retail.testcases.AddCategory"/>
  <testcase name="addCategory" time="0.139" classname="com.retail.testcases.AddCategory"/>
</testsuite> <!-- AddCategory -->
