<?xml version="1.0" encoding="UTF-8"?>
<!-- Generated by org.testng.reporters.JUnitXMLReporter -->
<testsuite hostname="DESKTOP-TKK5GPG" ignored="0" name="AddProduct" tests="3" failures="0" timestamp="2021-11-06T20:47:53 EDT" time="1.543" errors="0">
  <testcase name="addProduct" time="0.519" classname="com.retail.testcases.AddProduct"/>
  <testcase name="addProduct" time="0.381" classname="com.retail.testcases.AddProduct"/>
  <testcase name="addProduct" time="0.501" classname="com.retail.testcases.AddProduct"/>
</testsuite> <!-- AddProduct -->
