<?xml version="1.0" encoding="UTF-8"?>
<testng-results skipped="0" failed="0" total="8" passed="8">
  <reporter-output>
  </reporter-output>
  <suite name="RetailApp" duration-ms="10990" started-at="2022-03-23T13:16:19Z" finished-at="2022-03-23T13:16:30Z">
    <groups>
    </groups>
    <test name="LoginTest" duration-ms="7637" started-at="2022-03-23T13:16:19Z" finished-at="2022-03-23T13:16:27Z">
      <class name="com.retail.testcases.LoginTest">
        <test-method status="PASS" signature="init()[pri:0, instance:com.retail.testcases.LoginTest@6b419da]" name="init" is-config="true" duration-ms="1510" started-at="2022-03-23T09:16:19Z" finished-at="2022-03-23T09:16:21Z">
          <reporter-output>
          </reporter-output>
        </test-method> <!-- init -->
        <test-method status="PASS" signature="before()[pri:0, instance:com.retail.testcases.LoginTest@6b419da]" name="before" is-config="true" duration-ms="31" started-at="2022-03-23T09:16:21Z" finished-at="2022-03-23T09:16:21Z">
          <reporter-output>
          </reporter-output>
        </test-method> <!-- before -->
        <test-method status="PASS" signature="doLogin(java.util.Hashtable)[pri:0, instance:com.retail.testcases.LoginTest@6b419da]" name="doLogin" duration-ms="4748" started-at="2022-03-23T09:16:21Z" data-provider="getJsonData" finished-at="2022-03-23T09:16:25Z">
          <params>
            <param index="0">
              <value>
                <![CDATA[{expectedstatus=Login failed, password=abc, runmode=Y, username=harsimran}]]>
              </value>
            </param>
          </params>
          <reporter-output>
          </reporter-output>
        </test-method> <!-- doLogin -->
        <test-method status="PASS" signature="after()[pri:0, instance:com.retail.testcases.LoginTest@6b419da]" name="after" is-config="true" duration-ms="1083" started-at="2022-03-23T09:16:25Z" finished-at="2022-03-23T09:16:27Z">
          <reporter-output>
          </reporter-output>
        </test-method> <!-- after -->
        <test-method status="PASS" signature="before()[pri:0, instance:com.retail.testcases.LoginTest@6b419da]" name="before" is-config="true" duration-ms="0" started-at="2022-03-23T09:16:27Z" finished-at="2022-03-23T09:16:27Z">
          <reporter-output>
          </reporter-output>
        </test-method> <!-- before -->
        <test-method status="PASS" signature="doLogin(java.util.Hashtable)[pri:0, instance:com.retail.testcases.LoginTest@6b419da]" name="doLogin" duration-ms="158" started-at="2022-03-23T09:16:27Z" data-provider="getJsonData" finished-at="2022-03-23T09:16:27Z">
          <params>
            <param index="0">
              <value>
                <![CDATA[{expectedstatus=Login succeed, password=whizdom, runmode=Y, username=admin}]]>
              </value>
            </param>
          </params>
          <reporter-output>
          </reporter-output>
        </test-method> <!-- doLogin -->
        <test-method status="PASS" signature="after()[pri:0, instance:com.retail.testcases.LoginTest@6b419da]" name="after" is-config="true" duration-ms="25" started-at="2022-03-23T09:16:27Z" finished-at="2022-03-23T09:16:27Z">
          <reporter-output>
          </reporter-output>
        </test-method> <!-- after -->
      </class> <!-- com.retail.testcases.LoginTest -->
    </test> <!-- LoginTest -->
    <test name="AddCategory" duration-ms="1407" started-at="2022-03-23T13:16:27Z" finished-at="2022-03-23T13:16:28Z">
      <class name="com.retail.testcases.AddCategory">
        <test-method status="PASS" signature="addCategory(java.util.Hashtable)[pri:0, instance:com.retail.testcases.AddCategory@6107227e]" name="addCategory" duration-ms="452" started-at="2022-03-23T09:16:27Z" data-provider="getJsonData" finished-at="2022-03-23T09:16:27Z">
          <params>
            <param index="0">
              <value>
                <![CDATA[{runmode=Y, categoryname=PC11}]]>
              </value>
            </param>
          </params>
          <reporter-output>
          </reporter-output>
        </test-method> <!-- addCategory -->
        <test-method status="PASS" signature="before()[pri:0, instance:com.retail.testcases.AddCategory@6107227e]" name="before" is-config="true" duration-ms="0" started-at="2022-03-23T09:16:27Z" finished-at="2022-03-23T09:16:27Z">
          <reporter-output>
          </reporter-output>
        </test-method> <!-- before -->
        <test-method status="PASS" signature="init()[pri:0, instance:com.retail.testcases.AddCategory@6107227e]" name="init" is-config="true" duration-ms="0" started-at="2022-03-23T09:16:27Z" finished-at="2022-03-23T09:16:27Z">
          <reporter-output>
          </reporter-output>
        </test-method> <!-- init -->
        <test-method status="PASS" signature="after()[pri:0, instance:com.retail.testcases.AddCategory@6107227e]" name="after" is-config="true" duration-ms="14" started-at="2022-03-23T09:16:27Z" finished-at="2022-03-23T09:16:27Z">
          <reporter-output>
          </reporter-output>
        </test-method> <!-- after -->
        <test-method status="PASS" signature="addCategory(java.util.Hashtable)[pri:0, instance:com.retail.testcases.AddCategory@6107227e]" name="addCategory" duration-ms="281" started-at="2022-03-23T09:16:27Z" data-provider="getJsonData" finished-at="2022-03-23T09:16:27Z">
          <params>
            <param index="0">
              <value>
                <![CDATA[{runmode=Y, categoryname=Motorbikes1}]]>
              </value>
            </param>
          </params>
          <reporter-output>
          </reporter-output>
        </test-method> <!-- addCategory -->
        <test-method status="PASS" signature="before()[pri:0, instance:com.retail.testcases.AddCategory@6107227e]" name="before" is-config="true" duration-ms="0" started-at="2022-03-23T09:16:27Z" finished-at="2022-03-23T09:16:27Z">
          <reporter-output>
          </reporter-output>
        </test-method> <!-- before -->
        <test-method status="PASS" signature="after()[pri:0, instance:com.retail.testcases.AddCategory@6107227e]" name="after" is-config="true" duration-ms="16" started-at="2022-03-23T09:16:27Z" finished-at="2022-03-23T09:16:27Z">
          <reporter-output>
          </reporter-output>
        </test-method> <!-- after -->
        <test-method status="PASS" signature="before()[pri:0, instance:com.retail.testcases.AddCategory@6107227e]" name="before" is-config="true" duration-ms="0" started-at="2022-03-23T09:16:27Z" finished-at="2022-03-23T09:16:27Z">
          <reporter-output>
          </reporter-output>
        </test-method> <!-- before -->
        <test-method status="PASS" signature="addCategory(java.util.Hashtable)[pri:0, instance:com.retail.testcases.AddCategory@6107227e]" name="addCategory" duration-ms="627" started-at="2022-03-23T09:16:27Z" data-provider="getJsonData" finished-at="2022-03-23T09:16:28Z">
          <params>
            <param index="0">
              <value>
                <![CDATA[{runmode=Y, categoryname=eBooks1}]]>
              </value>
            </param>
          </params>
          <reporter-output>
          </reporter-output>
        </test-method> <!-- addCategory -->
        <test-method status="PASS" signature="after()[pri:0, instance:com.retail.testcases.AddCategory@6107227e]" name="after" is-config="true" duration-ms="16" started-at="2022-03-23T09:16:28Z" finished-at="2022-03-23T09:16:28Z">
          <reporter-output>
          </reporter-output>
        </test-method> <!-- after -->
      </class> <!-- com.retail.testcases.AddCategory -->
    </test> <!-- AddCategory -->
    <test name="AddProduct" duration-ms="1898" started-at="2022-03-23T13:16:28Z" finished-at="2022-03-23T13:16:30Z">
      <class name="com.retail.testcases.AddProduct">
        <test-method status="PASS" signature="init()[pri:0, instance:com.retail.testcases.AddProduct@5e4c8041]" name="init" is-config="true" duration-ms="0" started-at="2022-03-23T09:16:28Z" finished-at="2022-03-23T09:16:28Z">
          <reporter-output>
          </reporter-output>
        </test-method> <!-- init -->
        <test-method status="PASS" signature="addProduct(java.util.Hashtable)[pri:0, instance:com.retail.testcases.AddProduct@5e4c8041]" name="addProduct" duration-ms="254" started-at="2022-03-23T09:16:28Z" data-provider="getJsonData" finished-at="2022-03-23T09:16:28Z">
          <params>
            <param index="0">
              <value>
                <![CDATA[{price=100.00, runmode=Y, quantity=2, productname=New Laptop1, categoryname=PC}]]>
              </value>
            </param>
          </params>
          <reporter-output>
          </reporter-output>
        </test-method> <!-- addProduct -->
        <test-method status="PASS" signature="before()[pri:0, instance:com.retail.testcases.AddProduct@5e4c8041]" name="before" is-config="true" duration-ms="0" started-at="2022-03-23T09:16:28Z" finished-at="2022-03-23T09:16:28Z">
          <reporter-output>
          </reporter-output>
        </test-method> <!-- before -->
        <test-method status="PASS" signature="after()[pri:0, instance:com.retail.testcases.AddProduct@5e4c8041]" name="after" is-config="true" duration-ms="16" started-at="2022-03-23T09:16:28Z" finished-at="2022-03-23T09:16:28Z">
          <reporter-output>
          </reporter-output>
        </test-method> <!-- after -->
        <test-method status="PASS" signature="addProduct(java.util.Hashtable)[pri:0, instance:com.retail.testcases.AddProduct@5e4c8041]" name="addProduct" duration-ms="640" started-at="2022-03-23T09:16:28Z" data-provider="getJsonData" finished-at="2022-03-23T09:16:29Z">
          <params>
            <param index="0">
              <value>
                <![CDATA[{price=12.00, runmode=Y, quantity=10, productname=Python book1, categoryname=eBooks}]]>
              </value>
            </param>
          </params>
          <reporter-output>
          </reporter-output>
        </test-method> <!-- addProduct -->
        <test-method status="PASS" signature="before()[pri:0, instance:com.retail.testcases.AddProduct@5e4c8041]" name="before" is-config="true" duration-ms="0" started-at="2022-03-23T09:16:28Z" finished-at="2022-03-23T09:16:28Z">
          <reporter-output>
          </reporter-output>
        </test-method> <!-- before -->
        <test-method status="PASS" signature="after()[pri:0, instance:com.retail.testcases.AddProduct@5e4c8041]" name="after" is-config="true" duration-ms="32" started-at="2022-03-23T09:16:29Z" finished-at="2022-03-23T09:16:29Z">
          <reporter-output>
          </reporter-output>
        </test-method> <!-- after -->
        <test-method status="PASS" signature="addProduct(java.util.Hashtable)[pri:0, instance:com.retail.testcases.AddProduct@5e4c8041]" name="addProduct" duration-ms="909" started-at="2022-03-23T09:16:29Z" data-provider="getJsonData" finished-at="2022-03-23T09:16:30Z">
          <params>
            <param index="0">
              <value>
                <![CDATA[{price=25.00, runmode=Y, quantity=20, productname= New Mountain Bike1, categoryname=Motorbikes}]]>
              </value>
            </param>
          </params>
          <reporter-output>
          </reporter-output>
        </test-method> <!-- addProduct -->
        <test-method status="PASS" signature="before()[pri:0, instance:com.retail.testcases.AddProduct@5e4c8041]" name="before" is-config="true" duration-ms="0" started-at="2022-03-23T09:16:29Z" finished-at="2022-03-23T09:16:29Z">
          <reporter-output>
          </reporter-output>
        </test-method> <!-- before -->
        <test-method status="PASS" signature="after()[pri:0, instance:com.retail.testcases.AddProduct@5e4c8041]" name="after" is-config="true" duration-ms="31" started-at="2022-03-23T09:16:30Z" finished-at="2022-03-23T09:16:30Z">
          <reporter-output>
          </reporter-output>
        </test-method> <!-- after -->
      </class> <!-- com.retail.testcases.AddProduct -->
    </test> <!-- AddProduct -->
  </suite> <!-- RetailApp -->
</testng-results>
